file /home/aaron/Documents/openkoreiRO/openkore_ready - urprt/SConstruct,line 167:
	Configure(confdir = .sconf_temp)
scons: Configure: Checking Perl configuration ...
scons: Configure: (cached) yes

scons: Configure: Checking for C library ncurses... 
.sconf_temp/conftest_0.c <-
  |
  |
  |
  |int
  |main() {
  |  
  |return 0;
  |}
  |
gcc -o .sconf_temp/conftest_0.o -c .sconf_temp/conftest_0.c
gcc -o .sconf_temp/conftest_0 .sconf_temp/conftest_0.o -lncurses
scons: Configure: yes

scons: Configure: Checking for GNU readline 4.3 or higher...
.sconf_temp/conftest_1.c <-
  |
  |		#include <stdio.h>
  |		#include <readline/readline.h>
  |		#if !defined(RL_READLINE_VERSION)
  |			#error "You do not have the GNU readline development headers installed!"
  |		#elif RL_READLINE_VERSION < 0x0403
  |			#error "Your version of GNU readline is too old. Please install version 4.3 or higher."
  |		#endif
  |
gcc -o .sconf_temp/conftest_1.o -c .sconf_temp/conftest_1.c
scons: Configure: yes

scons: Configure: Checking for libcurl...
scons: Configure: (cached) libcurl 7.43.0


